


ARM Macro Assembler    Page 1 


    1 00000000                 preserve8                    ; Indicate the code
                                                             here preserve
    2 00000000         ; 8 byte stack alignment
    3 00000000                 area             |.text|, code, readonly ; Start
                                                             of CODE area
    4 00000000                 export           __main
    5 00000000                 export           TIMER0_IRQHandler
    6 00000000                 entry
    7 00000000         
    8 00000000         ; Set up symbols with base register and offsets
    9 00000000 00000000 
                       dir     equ              0x00
   10 00000000 00000010 
                       mask    equ              0x10
   11 00000000 00000014 
                       pin     equ              0x14
   12 00000000 00000018 
                       set     equ              0x18
   13 00000000 0000001C 
                       clr     equ              0x1c
   14 00000000         
   15 00000000         ; To calcluate the bit address, use
   16 00000000         ; (preipheral register address offset from base)*32 + bi
                       t number *4
   17 00000000         ; 
   18 00000000         ; P1 is at 20098020
   19 00000000         ; bit addressing starts at 22000000
   20 00000000         ; direction register bit 13 at 0x2200000 + 0x98020*32 + 
                       13*4
   21 00000000 00098000 
                       p0offset
                               equ              0x98000
   22 00000000 00098020 
                       p1offset
                               equ              0x98020
   23 00000000 00098040 
                       p2offset
                               equ              0x98040
   24 00000000         
   25 00000000 00000012 
                       led1bit equ              18
   26 00000000 23300448 
                       led1dir equ              0x22000000 + (p1offset+dir)*32 
+ led1bit*4
   27 00000000 233006C8 
                       led1pin equ              0x22000000 + (p1offset+pin)*32 
+ led1bit*4
   28 00000000 23300748 
                       led1set equ              0x22000000 + (p1offset+set)*32 
+ led1bit*4
   29 00000000 233007C8 
                       led1clr equ              0x22000000 + (p1offset+clr)*32 
+ led1bit*4
   30 00000000         
   31 00000000 0000000D 
                       led2bit equ              13
   32 00000000 23300034 
                       led2dir equ              0x22000000 + (p0offset+dir)*32 
+ led2bit*4



ARM Macro Assembler    Page 2 


   33 00000000 233002B4 
                       led2pin equ              0x22000000 + (p0offset+pin)*32 
+ led2bit*4
   34 00000000 23300334 
                       led2set equ              0x22000000 + (p0offset+set)*32 
+ led2bit*4
   35 00000000 233003B4 
                       led2clr equ              0x22000000 + (p0offset+clr)*32 
+ led2bit*4
   36 00000000         
   37 00000000 0000000D 
                       led3bit equ              13
   38 00000000 23300434 
                       led3dir equ              0x22000000 + (p1offset+dir)*32 
+ led2bit*4
   39 00000000 233006B4 
                       led3pin equ              0x22000000 + (p1offset+pin)*32 
+ led2bit*4
   40 00000000 23300734 
                       led3set equ              0x22000000 + (p1offset+set)*32 
+ led2bit*4
   41 00000000 233007B4 
                       led3clr equ              0x22000000 + (p1offset+clr)*32 
+ led2bit*4
   42 00000000         
   43 00000000 00000013 
                       led4bit equ              19
   44 00000000 2330084C 
                       led4dir equ              0x22000000 + (p2offset+dir)*32 
+ led4bit*4
   45 00000000 23300ACC 
                       led4pin equ              0x22000000 + (p2offset+pin)*32 
+ led4bit*4
   46 00000000 23300B4C 
                       led4set equ              0x22000000 + (p2offset+set)*32 
+ led4bit*4
   47 00000000 23300BCC 
                       led4clr equ              0x22000000 + (p2offset+clr)*32 
+ led4bit*4
   48 00000000         
   49 00000000         __main  function
   50 00000000 F7FF FFFE       bl               initialise
   51 00000004 F7FF FFFE       bl               timer0init
   52 00000008         blink
   53 00000008 F7FF FFFE       bl               led2off
   54 0000000C F7FF FFFE       bl               led3off
   55 00000010 F7FF FFFE       bl               led4off
   56 00000014 BF00            nop
   57 00000016 F7FF FFFE       bl               led2on
   58 0000001A F7FF FFFE       bl               led3off
   59 0000001E F7FF FFFE       bl               led4off
   60 00000022 BF00            nop
   61 00000024 F7FF FFFE       bl               led2off
   62 00000028 F7FF FFFE       bl               led3on
   63 0000002C F7FF FFFE       bl               led4off
   64 00000030 BF00            nop
   65 00000032 F7FF FFFE       bl               led2off
   66 00000036 F7FF FFFE       bl               led3off
   67 0000003A F7FF FFFE       bl               led4on



ARM Macro Assembler    Page 3 


   68 0000003E         
   69 0000003E E7E3            b                blink
   70 00000040                 endfunc
   71 00000040         ; Start code here
   72 00000040         
   73 00000040         initialise
                               function
   74 00000040 B403            push             {r0,r1}
   75 00000042 F04F 0001       mov              r0, #1
   76 00000046 493A            ldr              r1,=led1dir ; pseudo instructio
                                                            n
   77 00000048 6008            str              r0,[r1]     ; write 1 for outpu
                                                            t in dir bit
   78 0000004A 493A            ldr              r1,=led2dir
   79 0000004C 6008            str              r0,[r1]
   80 0000004E 493A            ldr              r1,=led3dir
   81 00000050 6008            str              r0,[r1]
   82 00000052 493A            ldr              r1,=led4dir
   83 00000054 6008            str              r0,[r1]
   84 00000056 BC03            pop              {r0,r1}
   85 00000058 4770            bx               lr
   86 0000005A                 endfunc
   87 0000005A         
   88 0000005A         
   89 0000005A         
   90 0000005A         led1on  function
   91 0000005A B403            push             {r0,r1}
   92 0000005C 4838            ldr              r0,=led1clr
   93 0000005E F04F 0101       mov              r1, #1
   94 00000062 6001            str              r1, [r0]
   95 00000064 BC03            pop              {r0,r1}
   96 00000066 4770            bx               lr
   97 00000068                 endfunc
   98 00000068         led1off function
   99 00000068 B403            push             {r0,r1}
  100 0000006A 4836            ldr              r0,=led1set
  101 0000006C F04F 0101       mov              r1, #1
  102 00000070 6001            str              r1, [r0]
  103 00000072 BC03            pop              {r0,r1}
  104 00000074 4770            bx               lr
  105 00000076                 endfunc
  106 00000076         led1state
                               function
  107 00000076 B402            push             {r1}
  108 00000078 4933            ldr              r1,=led1pin
  109 0000007A 6808            ldr              r0,[r1]
  110 0000007C BC02            pop              {r1}
  111 0000007E 4770            bx               lr
  112 00000080                 endfunc
  113 00000080         
  114 00000080         led2on  function
  115 00000080 B403            push             {r0,r1}
  116 00000082 4832            ldr              r0,=led2clr
  117 00000084 F04F 0101       mov              r1, #1
  118 00000088 6001            str              r1, [r0]
  119 0000008A BC03            pop              {r0,r1}
  120 0000008C 4770            bx               lr
  121 0000008E                 endfunc
  122 0000008E         led2off function



ARM Macro Assembler    Page 4 


  123 0000008E B403            push             {r0,r1}
  124 00000090 482F            ldr              r0,=led2set
  125 00000092 F04F 0101       mov              r1, #1
  126 00000096 6001            str              r1, [r0]
  127 00000098 BC03            pop              {r0,r1}
  128 0000009A 4770            bx               lr
  129 0000009C                 endfunc
  130 0000009C         
  131 0000009C         led3on  function
  132 0000009C B403            push             {r0,r1}
  133 0000009E 482D            ldr              r0,=led3set
  134 000000A0 F04F 0101       mov              r1, #1
  135 000000A4 6001            str              r1, [r0]
  136 000000A6 BC03            pop              {r0,r1}
  137 000000A8 4770            bx               lr
  138 000000AA                 endfunc
  139 000000AA         led3off function
  140 000000AA B403            push             {r0,r1}
  141 000000AC 482A            ldr              r0,=led3clr
  142 000000AE F04F 0101       mov              r1, #1
  143 000000B2 6001            str              r1, [r0]
  144 000000B4 BC03            pop              {r0,r1}
  145 000000B6 4770            bx               lr
  146 000000B8                 endfunc
  147 000000B8         
  148 000000B8         led4on  function
  149 000000B8 B403            push             {r0,r1}
  150 000000BA 4828            ldr              r0,=led4set
  151 000000BC F04F 0101       mov              r1, #1
  152 000000C0 6001            str              r1, [r0]
  153 000000C2 BC03            pop              {r0,r1}
  154 000000C4 4770            bx               lr
  155 000000C6                 endfunc
  156 000000C6         led4off function
  157 000000C6 B403            push             {r0,r1}
  158 000000C8 4825            ldr              r0,=led4clr
  159 000000CA F04F 0101       mov              r1, #1
  160 000000CE 6001            str              r1, [r0]
  161 000000D0 BC03            pop              {r0,r1}
  162 000000D2 4770            bx               lr
  163 000000D4                 endfunc
  164 000000D4         
  165 000000D4         ;; TIMER 0
  166 000000D4         ; register definitions
  167 000000D4 40004000 
                       timer0base
                               equ              0x40004000
  168 000000D4 00000000 
                       ir      equ              0x000
  169 000000D4 00000004 
                       tcr     equ              0x004
  170 000000D4 00000008 
                       tc      equ              0x008
  171 000000D4 0000000C 
                       pr      equ              0x00C
  172 000000D4 00000014 
                       mcr     equ              0x014
  173 000000D4 00000018 
                       mr0     equ              0x018



ARM Macro Assembler    Page 5 


  174 000000D4 00000070 
                       ctcr    equ              0x070
  175 000000D4         
  176 000000D4 4201F400 
                       mr0int  equ              0x42000000 + (4000)*32
  177 000000D4         
  178 000000D4 E000E100 
                       iser    equ              0xE000E100
  179 000000D4         timer0init
                               function
  180 000000D4 B403            push             {r0,r1}
  181 000000D6 F04F 2040       ldr              r0,=timer0base
  182 000000DA F04F 0100       mov              r1, #0
  183 000000DE 6041            str              r1, [r0,#tcr]
  184 000000E0 6701            str              r1, [r0,#ctcr]
  185 000000E2 F64E 215F       mov              r1, #59999  ; 1ms tickrate
  186 000000E6 60C1            str              r1, [r0,#pr]
  187 000000E8 F44F 717A       mov              r1, #1000
  188 000000EC 6181            str              r1, [r0,#mr0]
  189 000000EE F04F 0103       mov              r1, #2_0011
  190 000000F2 6141            str              r1, [r0,#mcr]
  191 000000F4 F04F 0101       mov              r1, #1
  192 000000F8 6041            str              r1, [r0,#tcr]
  193 000000FA 481A            ldr              r0,=iser
  194 000000FC 6801            ldr              r1,[r0]
  195 000000FE F041 0102       orr              r1, #2_0010
  196 00000102 6001            str              r1, [r0]
  197 00000104 BC03            pop              {r0,r1}
  198 00000106 4770            bx               lr
  199 00000108                 endfunc
  200 00000108         
  201 00000108         TIMER0_IRQHandler
                               function
  202 00000108 B503            push             {r0,r1,lr}
  203 0000010A F7FF FFFE       bl               led1state
  204 0000010E F010 0F01       tst              r0, #1
  205 00000112 BF08 F7FF 
              FFFE             bleq             led1off
  206 00000118 BF18 F7FF 
              FFFE             blne             led1on
  207 0000011E F04F 0001       mov              r0, #1
  208 00000122 F04F 2140       ldr              r1,=timer0base
  209 00000126 6008            str              r0,[r1,#ir]
  210 00000128 E8BD 4003       pop              {r0,r1,lr}
  211 0000012C 4770            bx               lr
  212 0000012E                 endfunc
  213 0000012E                 end
              00 00 23300448 
              23300034 
              23300434 
              2330084C 
              233007C8 
              23300748 
              233006C8 
              233003B4 
              23300334 
              23300734 
              233007B4 
              23300B4C 



ARM Macro Assembler    Page 6 


              23300BCC 
              E000E100 
Command Line: --debug --xref --diag_suppress=9931 --cpu=Cortex-M4.fp --apcs=int
erwork --depend=.\objects\blinky.d -o.\objects\blinky.o -ID:\Users\Alun\Documen
ts\GitHub\arm-assembler\RTE -ID:\Users\Alun\Documents\GitHub\arm-assembler\RTE\
Device\LPC4088FET208 -Id:\Keil_v5\ARM\PACK\ARM\CMSIS\5.0.0-Beta4\CMSIS\Include 
-Id:\Keil_v5\ARM\PACK\Keil\LPC4000_DFP\2.0.0\Device\Include --predefine="__UVIS
ION_VERSION SETA 520" --predefine="_RTE_ SETA 1" --predefine="CORE_M4 SETA 1" -
-list=.\listings\blinky.lst blinky.s



ARM Macro Assembler    Page 1 Alphabetic symbol ordering
Relocatable symbols

.text 00000000

Symbol: .text
   Definitions
      At line 3 in file blinky.s
   Uses
      None
Comment: .text unused
TIMER0_IRQHandler 00000108

Symbol: TIMER0_IRQHandler
   Definitions
      At line 201 in file blinky.s
   Uses
      At line 5 in file blinky.s
Comment: TIMER0_IRQHandler used once
__main 00000000

Symbol: __main
   Definitions
      At line 49 in file blinky.s
   Uses
      At line 4 in file blinky.s
Comment: __main used once
blink 00000008

Symbol: blink
   Definitions
      At line 52 in file blinky.s
   Uses
      At line 69 in file blinky.s
Comment: blink used once
initialise 00000040

Symbol: initialise
   Definitions
      At line 73 in file blinky.s
   Uses
      At line 50 in file blinky.s
Comment: initialise used once
led1off 00000068

Symbol: led1off
   Definitions
      At line 98 in file blinky.s
   Uses
      At line 205 in file blinky.s
Comment: led1off used once
led1on 0000005A

Symbol: led1on
   Definitions
      At line 90 in file blinky.s
   Uses
      At line 206 in file blinky.s
Comment: led1on used once
led1state 00000076

Symbol: led1state



ARM Macro Assembler    Page 2 Alphabetic symbol ordering
Relocatable symbols

   Definitions
      At line 106 in file blinky.s
   Uses
      At line 203 in file blinky.s
Comment: led1state used once
led2off 0000008E

Symbol: led2off
   Definitions
      At line 122 in file blinky.s
   Uses
      At line 53 in file blinky.s
      At line 61 in file blinky.s
      At line 65 in file blinky.s

led2on 00000080

Symbol: led2on
   Definitions
      At line 114 in file blinky.s
   Uses
      At line 57 in file blinky.s
Comment: led2on used once
led3off 000000AA

Symbol: led3off
   Definitions
      At line 139 in file blinky.s
   Uses
      At line 54 in file blinky.s
      At line 58 in file blinky.s
      At line 66 in file blinky.s

led3on 0000009C

Symbol: led3on
   Definitions
      At line 131 in file blinky.s
   Uses
      At line 62 in file blinky.s
Comment: led3on used once
led4off 000000C6

Symbol: led4off
   Definitions
      At line 156 in file blinky.s
   Uses
      At line 55 in file blinky.s
      At line 59 in file blinky.s
      At line 63 in file blinky.s

led4on 000000B8

Symbol: led4on
   Definitions
      At line 148 in file blinky.s
   Uses
      At line 67 in file blinky.s
Comment: led4on used once



ARM Macro Assembler    Page 3 Alphabetic symbol ordering
Relocatable symbols

timer0init 000000D4

Symbol: timer0init
   Definitions
      At line 179 in file blinky.s
   Uses
      At line 51 in file blinky.s
Comment: timer0init used once
15 symbols



ARM Macro Assembler    Page 1 Alphabetic symbol ordering
Absolute symbols

clr 0000001C

Symbol: clr
   Definitions
      At line 13 in file blinky.s
   Uses
      At line 29 in file blinky.s
      At line 35 in file blinky.s
      At line 41 in file blinky.s
      At line 47 in file blinky.s

ctcr 00000070

Symbol: ctcr
   Definitions
      At line 174 in file blinky.s
   Uses
      At line 184 in file blinky.s
Comment: ctcr used once
dir 00000000

Symbol: dir
   Definitions
      At line 9 in file blinky.s
   Uses
      At line 26 in file blinky.s
      At line 32 in file blinky.s
      At line 38 in file blinky.s
      At line 44 in file blinky.s

ir 00000000

Symbol: ir
   Definitions
      At line 168 in file blinky.s
   Uses
      At line 209 in file blinky.s
Comment: ir used once
iser E000E100

Symbol: iser
   Definitions
      At line 178 in file blinky.s
   Uses
      At line 193 in file blinky.s
Comment: iser used once
led1bit 00000012

Symbol: led1bit
   Definitions
      At line 25 in file blinky.s
   Uses
      At line 26 in file blinky.s
      At line 27 in file blinky.s
      At line 28 in file blinky.s
      At line 29 in file blinky.s

led1clr 233007C8




ARM Macro Assembler    Page 2 Alphabetic symbol ordering
Absolute symbols

Symbol: led1clr
   Definitions
      At line 29 in file blinky.s
   Uses
      At line 92 in file blinky.s
Comment: led1clr used once
led1dir 23300448

Symbol: led1dir
   Definitions
      At line 26 in file blinky.s
   Uses
      At line 76 in file blinky.s
Comment: led1dir used once
led1pin 233006C8

Symbol: led1pin
   Definitions
      At line 27 in file blinky.s
   Uses
      At line 108 in file blinky.s
Comment: led1pin used once
led1set 23300748

Symbol: led1set
   Definitions
      At line 28 in file blinky.s
   Uses
      At line 100 in file blinky.s
Comment: led1set used once
led2bit 0000000D

Symbol: led2bit
   Definitions
      At line 31 in file blinky.s
   Uses
      At line 32 in file blinky.s
      At line 33 in file blinky.s
      At line 34 in file blinky.s
      At line 35 in file blinky.s
      At line 38 in file blinky.s
      At line 39 in file blinky.s
      At line 40 in file blinky.s
      At line 41 in file blinky.s

led2clr 233003B4

Symbol: led2clr
   Definitions
      At line 35 in file blinky.s
   Uses
      At line 116 in file blinky.s
Comment: led2clr used once
led2dir 23300034

Symbol: led2dir
   Definitions
      At line 32 in file blinky.s
   Uses



ARM Macro Assembler    Page 3 Alphabetic symbol ordering
Absolute symbols

      At line 78 in file blinky.s
Comment: led2dir used once
led2pin 233002B4

Symbol: led2pin
   Definitions
      At line 33 in file blinky.s
   Uses
      None
Comment: led2pin unused
led2set 23300334

Symbol: led2set
   Definitions
      At line 34 in file blinky.s
   Uses
      At line 124 in file blinky.s
Comment: led2set used once
led3bit 0000000D

Symbol: led3bit
   Definitions
      At line 37 in file blinky.s
   Uses
      None
Comment: led3bit unused
led3clr 233007B4

Symbol: led3clr
   Definitions
      At line 41 in file blinky.s
   Uses
      At line 141 in file blinky.s
Comment: led3clr used once
led3dir 23300434

Symbol: led3dir
   Definitions
      At line 38 in file blinky.s
   Uses
      At line 80 in file blinky.s
Comment: led3dir used once
led3pin 233006B4

Symbol: led3pin
   Definitions
      At line 39 in file blinky.s
   Uses
      None
Comment: led3pin unused
led3set 23300734

Symbol: led3set
   Definitions
      At line 40 in file blinky.s
   Uses
      At line 133 in file blinky.s
Comment: led3set used once
led4bit 00000013



ARM Macro Assembler    Page 4 Alphabetic symbol ordering
Absolute symbols


Symbol: led4bit
   Definitions
      At line 43 in file blinky.s
   Uses
      At line 44 in file blinky.s
      At line 45 in file blinky.s
      At line 46 in file blinky.s
      At line 47 in file blinky.s

led4clr 23300BCC

Symbol: led4clr
   Definitions
      At line 47 in file blinky.s
   Uses
      At line 158 in file blinky.s
Comment: led4clr used once
led4dir 2330084C

Symbol: led4dir
   Definitions
      At line 44 in file blinky.s
   Uses
      At line 82 in file blinky.s
Comment: led4dir used once
led4pin 23300ACC

Symbol: led4pin
   Definitions
      At line 45 in file blinky.s
   Uses
      None
Comment: led4pin unused
led4set 23300B4C

Symbol: led4set
   Definitions
      At line 46 in file blinky.s
   Uses
      At line 150 in file blinky.s
Comment: led4set used once
mask 00000010

Symbol: mask
   Definitions
      At line 10 in file blinky.s
   Uses
      None
Comment: mask unused
mcr 00000014

Symbol: mcr
   Definitions
      At line 172 in file blinky.s
   Uses
      At line 190 in file blinky.s
Comment: mcr used once
mr0 00000018



ARM Macro Assembler    Page 5 Alphabetic symbol ordering
Absolute symbols


Symbol: mr0
   Definitions
      At line 173 in file blinky.s
   Uses
      At line 188 in file blinky.s
Comment: mr0 used once
mr0int 4201F400

Symbol: mr0int
   Definitions
      At line 176 in file blinky.s
   Uses
      None
Comment: mr0int unused
p0offset 00098000

Symbol: p0offset
   Definitions
      At line 21 in file blinky.s
   Uses
      At line 32 in file blinky.s
      At line 33 in file blinky.s
      At line 34 in file blinky.s
      At line 35 in file blinky.s

p1offset 00098020

Symbol: p1offset
   Definitions
      At line 22 in file blinky.s
   Uses
      At line 26 in file blinky.s
      At line 27 in file blinky.s
      At line 28 in file blinky.s
      At line 29 in file blinky.s
      At line 38 in file blinky.s
      At line 39 in file blinky.s
      At line 40 in file blinky.s
      At line 41 in file blinky.s

p2offset 00098040

Symbol: p2offset
   Definitions
      At line 23 in file blinky.s
   Uses
      At line 44 in file blinky.s
      At line 45 in file blinky.s
      At line 46 in file blinky.s
      At line 47 in file blinky.s

pin 00000014

Symbol: pin
   Definitions
      At line 11 in file blinky.s
   Uses
      At line 27 in file blinky.s



ARM Macro Assembler    Page 6 Alphabetic symbol ordering
Absolute symbols

      At line 33 in file blinky.s
      At line 39 in file blinky.s
      At line 45 in file blinky.s

pr 0000000C

Symbol: pr
   Definitions
      At line 171 in file blinky.s
   Uses
      At line 186 in file blinky.s
Comment: pr used once
set 00000018

Symbol: set
   Definitions
      At line 12 in file blinky.s
   Uses
      At line 28 in file blinky.s
      At line 34 in file blinky.s
      At line 40 in file blinky.s
      At line 46 in file blinky.s

tc 00000008

Symbol: tc
   Definitions
      At line 170 in file blinky.s
   Uses
      None
Comment: tc unused
tcr 00000004

Symbol: tcr
   Definitions
      At line 169 in file blinky.s
   Uses
      At line 183 in file blinky.s
      At line 192 in file blinky.s

timer0base 40004000

Symbol: timer0base
   Definitions
      At line 167 in file blinky.s
   Uses
      At line 181 in file blinky.s
      At line 208 in file blinky.s

38 symbols
389 symbols in table
